* 71eaa39 Practica-6-Readme
| * ff9cc52 Diseño-De-videojuegos
| | * 0d60c32 Ingles-C1
| |/  
| | * c873816 Lengua-Interpretados
| |/  
|/|   
* | 5073a88 Lenguajes-Interpretados
|/  
* d0b4ef6 Principios-de-composicion-y-diseño
* 1714f60 Sistemas-Operativos
* 6acb3ba Proyecto-de-App
* 22ef169 Empezando Práctica 6
* 13a8157 Agregando enlace y contenido de la Práctica 5
* b5b0519 Agregando enlace y contenido de la Práctica 3
* 42ea616 practica 3
* 3096e33 config
* 84387bd "Agregando licencia al repositorio"
* 8b2db57 Creando archivo .gitignore
* 983aa77 primer commit
